<?xml version="1.0" encoding="UTF-8"?>
<testsuite xmlns:xsi="http://www.w3.org/2001/XMLSchema-instance" xsi:noNamespaceSchemaLocation="https://maven.apache.org/surefire/maven-surefire-plugin/xsd/surefire-test-report-3.0.xsd" version="3.0" name="lab3.Test.CarStationTest" time="0.149" tests="7" errors="0" skipped="0" failures="0">
  <properties>
[...]
</properties>
  <testcase name="testServeLargeNumberOfCars" classname="lab3.Test.CarStationTest" time="0.067">
    <system-out><![CDATA[Serving dinner to: Car9
Refueling: 9
Car 9 has been served.

Serving dinner to: Car9
Refueling: 9
Car 9 has been served.

Serving dinner to: Car9
Refueling: 9
Car 9 has been served.

Serving dinner to: Car9
Refueling: 9
Car 9 has been served.

Serving dinner to: Car9
Refueling: 9
Car 9 has been served.

]]></system-out>
  </testcase>
  <testcase name="testNoCarsWantDinner" classname="lab3.Test.CarStationTest" time="0.004">
    <system-out><![CDATA[Serving dinner to: Car7
Refueling: 7
Car 7 has been served.

Serving dinner to: Car8
Refueling: 8
Car 8 has been served.

]]></system-out>
  </testcase>
  <testcase name="testServeCars" classname="lab3.Test.CarStationTest" time="0.004">
    <system-out><![CDATA[Serving dinner to: Car2
Refueling: 2
Car 2 has been served.

Serving dinner to: Car3
Refueling: 3
Car 3 has been served.

]]></system-out>
  </testcase>
  <testcase name="testServeEmptyQueue" classname="lab3.Test.CarStationTest" time="0.003"/>
  <testcase name="testAllCarsWantDinner" classname="lab3.Test.CarStationTest" time="0.004">
    <system-out><![CDATA[Serving dinner to: Car4
Refueling: 4
Car 4 has been served.

Serving dinner to: Car5
Refueling: 5
Car 5 has been served.

Serving dinner to: Car6
Refueling: 6
Car 6 has been served.

]]></system-out>
  </testcase>
  <testcase name="testAddCar" classname="lab3.Test.CarStationTest" time="0.005"/>
  <testcase name="testMixedCars" classname="lab3.Test.CarStationTest" time="0.003">
    <system-out><![CDATA[Serving dinner to: Car10
Refueling: 10
Car 10 has been served.

Serving dinner to: Car11
Refueling: 11
Car 11 has been served.

Serving dinner to: Car12
Refueling: 12
Car 12 has been served.

Serving dinner to: Car13
Refueling: 13
Car 13 has been served.

]]></system-out>
  </testcase>
</testsuite>